<?xml version="1.0" encoding="UTF-8"?>
<!-- Generated by org.testng.reporters.JUnitReportReporter -->
<testsuite hostname="VMUC1C6080383" name="acceptancetests.runner.TestRunner" tests="1" failures="0" timestamp="25 Feb 2019 16:37:32 GMT" time="15.285" errors="1">
  <testcase name="runScenario" time="15.285" classname="acceptancetests.runner.TestRunner">
    <error type="java.lang.IllegalArgumentException" message="Invalid field!">
      <![CDATA[java.lang.IllegalArgumentException: Invalid field!
	at acceptancetests.steps.WebSteps.lambda$1(WebSteps.java:135)
	at ✽.I enter the value "<user1>" into the "username" field(src/test/java/acceptancetests/features/devfeatures.feature:41)
]]>
    </error>
  </testcase> <!-- runScenario -->
</testsuite> <!-- acceptancetests.runner.TestRunner -->
