<?xml version="1.0" encoding="UTF-8"?>
<testsuite xmlns:xsi="http://www.w3.org/2001/XMLSchema-instance" xsi:schemaLocation="https://maven.apache.org/surefire/maven-surefire-plugin/xsd/surefire-test-report.xsd" name="TestSuite" time="16.334" tests="1" errors="0" skipped="0" failures="1">
  <properties>
[...]
</properties>
  <testcase name="runScenario" classname="acceptancetests.runner.TestRunner" time="15.296">
    <failure message="Invalid field!" type="java.lang.IllegalArgumentException">java.lang.IllegalArgumentException: Invalid field!
</failure>
    <system-out><![CDATA[17:37:17.153 [main] INFO acceptancetests.steps.Hook - Starting Scenario: add entries for CRS7.LogIn
17:37:20.713 [main] INFO acceptancetests.steps.Hook - Video URL: http://seleniumbox.bmwgroup.net/videos/55b4fabd28e04113655fddca040c4a56.mp4
17:37:20.713 [main] INFO acceptancetests.steps.Hook - Live View URL:  http://seleniumbox.bmwgroup.net/ui/liveview?session=55b4fabd28e04113655fddca040c4a56
17:37:32.207 [main] ERROR acceptancetests.steps.Hook - Failed scenario: add entries for CRS7.LogIn
]]></system-out>
    <system-err><![CDATA[Feb 25, 2019 5:37:17 PM org.openqa.selenium.remote.DesiredCapabilities chrome
INFO: Using `new ChromeOptions()` is preferred to `DesiredCapabilities.chrome()`
Feb 25, 2019 5:37:20 PM org.openqa.selenium.remote.ProtocolHandshake createSession
INFO: Detected dialect: OSS
]]></system-err>
  </testcase>
</testsuite>