-------------------------------------------------------------------------------
Test set: TestSuite
-------------------------------------------------------------------------------
Tests run: 1, Failures: 1, Errors: 0, Skipped: 0, Time elapsed: 16.334 sec <<< FAILURE! - in TestSuite
runScenario(acceptancetests.runner.TestRunner)  Time elapsed: 15.296 sec  <<< FAILURE!
java.lang.IllegalArgumentException: Invalid field!

